2026-03-11T09:26:51+00:00 WARNING Product feed scheduling failed: Integration not configured. : {"flow_name":"product_feed","flow_step":"schedule_feed_generation"}
2026-03-11T09:26:51+00:00 WARNING Language override feed scheduling failed: Integration not configured. : {"flow_name":"language_override_feed","flow_step":"schedule_feed_generation"}
2026-03-11T09:26:51+00:00 ERROR Error persisting error logs: Невозможно создать экземпляр API, так как отсутствует токен доступа. : []
2026-03-11T09:28:04+00:00 NOTICE Unable to detect valid feed configuration: No catalog ID
2026-03-11T09:28:04+00:00 NOTICE There was an error trying to get product set data in a catalog: Невозможно создать экземпляр API, так как отсутствует токен доступа.
2026-03-11T09:28:04+00:00 ERROR ProductSetSync exception: exception_code : 0; exception_class : WooCommerce\Facebook\Framework\Api\Exception: exception_message : Невозможно создать экземпляр API, так как отсутствует токен доступа.; exception_trace : #0 C:\OSPanel\domains\mysite4\wordpress\wp-content\plugins\facebook-for-woocommerce\includes\ProductSets\ProductSetSync.php(139): WC_Facebookcommerce->get_api()
#1 C:\OSPanel\domains\mysite4\wordpress\wp-content\plugins\facebook-for-woocommerce\includes\ProductSets\ProductSetSync.php(226): WooCommerce\Facebook\ProductSets\ProductSetSync->get_fb_product_set_id()
#2 C:\OSPanel\domains\mysite4\wordpress\wp-content\plugins\facebook-for-woocommerce\includes\ProductSets\ProductSetSync.php(107): WooCommerce\Facebook\ProductSets\ProductSetSync->sync_all_wc_product_categories()
#3 C:\OSPanel\domains\mysite4\wordpress\wp-includes\class-wp-hook.php(341): WooCommerce\Facebook\ProductSets\ProductSetSync->sync_all_product_sets()
#4 C:\OSPanel\domains\mysite4\wordpress\wp-includes\class-wp-hook.php(365): WP_Hook->apply_filters()
#5 C:\OSPanel\domains\mysite4\wordpress\wp-includes\plugin.php(570): WP_Hook->do_action()
#6 C:\OSPanel\domains\mysite4\wordpress\wp-content\plugins\woocommerce\packages\action-scheduler\classes\actions\ActionScheduler_Action.php(86): do_action_ref_array()
#7 C:\OSPanel\domains\mysite4\wordpress\wp-content\plugins\woocommerce\packages\action-scheduler\classes\abstracts\ActionScheduler_Abstract_QueueRunner.php(103): ActionScheduler_Action->execute()
#8 C:\OSPanel\domains\mysite4\wordpress\wp-content\plugins\woocommerce\packages\action-scheduler\classes\ActionScheduler_QueueRunner.php(188): ActionScheduler_Abstract_QueueRunner->process_action()
#9 C:\OSPanel\domains\mysite4\wordpress\wp-content\plugins\woocommerce\packages\action-scheduler\classes\ActionScheduler_QueueRunner.php(158): ActionScheduler_QueueRunner->do_batch()
#10 C:\OSPanel\domains\mysite4\wordpress\wp-includes\class-wp-hook.php(341): ActionScheduler_QueueRunner->run()
#11 C:\OSPanel\domains\mysite4\wordpress\wp-includes\class-wp-hook.php(365): WP_Hook->apply_filters()
#12 C:\OSPanel\domains\mysite4\wordpress\wp-includes\plugin.php(570): WP_Hook->do_action()
#13 C:\OSPanel\domains\mysite4\wordpress\wp-cron.php(191): do_action_ref_array()
#14 {main}
2026-03-11T09:28:04+00:00 ERROR Error persisting Meta logs: Невозможно создать экземпляр API, так как отсутствует токен доступа. : []
2026-03-11T09:32:43+00:00 ERROR Error persisting Meta logs: Невозможно создать экземпляр API, так как отсутствует токен доступа. : []
2026-03-11T09:37:48+00:00 ERROR Error persisting Meta logs: Невозможно создать экземпляр API, так как отсутствует токен доступа. : []
2026-03-11T09:41:57+00:00 ERROR Error persisting Meta logs: Невозможно создать экземпляр API, так как отсутствует токен доступа. : []
2026-03-11T09:47:35+00:00 ERROR Error persisting Meta logs: Невозможно создать экземпляр API, так как отсутствует токен доступа. : []
2026-03-11T09:51:54+00:00 ERROR Error persisting Meta logs: Невозможно создать экземпляр API, так как отсутствует токен доступа. : []
2026-03-11T09:56:55+00:00 ERROR Error persisting Meta logs: Невозможно создать экземпляр API, так как отсутствует токен доступа. : []
2026-03-11T10:01:57+00:00 ERROR Error persisting Meta logs: Невозможно создать экземпляр API, так как отсутствует токен доступа. : []
2026-03-11T10:06:58+00:00 ERROR Error persisting Meta logs: Невозможно создать экземпляр API, так как отсутствует токен доступа. : []
2026-03-11T10:12:03+00:00 ERROR Error persisting Meta logs: Невозможно создать экземпляр API, так как отсутствует токен доступа. : []
2026-03-11T10:17:04+00:00 ERROR Error persisting Meta logs: Невозможно создать экземпляр API, так как отсутствует токен доступа. : []
2026-03-11T10:22:31+00:00 ERROR Error persisting Meta logs: Невозможно создать экземпляр API, так как отсутствует токен доступа. : []
2026-03-11T10:27:31+00:00 ERROR Error persisting Meta logs: Невозможно создать экземпляр API, так как отсутствует токен доступа. : []
2026-03-11T10:31:52+00:00 ERROR Error persisting Meta logs: Невозможно создать экземпляр API, так как отсутствует токен доступа. : []
2026-03-11T10:36:52+00:00 ERROR Error persisting Meta logs: Невозможно создать экземпляр API, так как отсутствует токен доступа. : []
2026-03-11T10:42:16+00:00 ERROR Error persisting Meta logs: Невозможно создать экземпляр API, так как отсутствует токен доступа. : []
2026-03-11T10:47:01+00:00 ERROR Error persisting Meta logs: Невозможно создать экземпляр API, так как отсутствует токен доступа. : []
2026-03-11T10:52:03+00:00 ERROR Error persisting Meta logs: Невозможно создать экземпляр API, так как отсутствует токен доступа. : []
2026-03-11T10:57:09+00:00 ERROR Error persisting Meta logs: Невозможно создать экземпляр API, так как отсутствует токен доступа. : []
2026-03-11T11:02:20+00:00 ERROR Error persisting Meta logs: Невозможно создать экземпляр API, так как отсутствует токен доступа. : []
2026-03-11T11:09:12+00:00 ERROR Error persisting Meta logs: Невозможно создать экземпляр API, так как отсутствует токен доступа. : []
2026-03-11T11:12:26+00:00 WARNING Product feed scheduling failed: Integration not configured. : {"flow_name":"product_feed","flow_step":"schedule_feed_generation"}
2026-03-11T11:12:26+00:00 WARNING Language override feed scheduling failed: Integration not configured. : {"flow_name":"language_override_feed","flow_step":"schedule_feed_generation"}
2026-03-11T11:12:26+00:00 ERROR Error persisting Meta logs: Невозможно создать экземпляр API, так как отсутствует токен доступа. : []
2026-03-11T11:16:51+00:00 ERROR Error persisting Meta logs: Невозможно создать экземпляр API, так как отсутствует токен доступа. : []
2026-03-11T11:21:55+00:00 ERROR Error persisting Meta logs: Невозможно создать экземпляр API, так как отсутствует токен доступа. : []
2026-03-11T11:27:31+00:00 ERROR Error persisting Meta logs: Невозможно создать экземпляр API, так как отсутствует токен доступа. : []
2026-03-11T11:32:07+00:00 ERROR Error persisting Meta logs: Невозможно создать экземпляр API, так как отсутствует токен доступа. : []
2026-03-11T11:36:53+00:00 ERROR Error persisting Meta logs: Невозможно создать экземпляр API, так как отсутствует токен доступа. : []
2026-03-11T11:41:51+00:00 ERROR Error persisting Meta logs: Невозможно создать экземпляр API, так как отсутствует токен доступа. : []
2026-03-11T11:47:14+00:00 ERROR Error persisting Meta logs: Невозможно создать экземпляр API, так как отсутствует токен доступа. : []
2026-03-11T11:51:55+00:00 ERROR Error persisting Meta logs: Невозможно создать экземпляр API, так как отсутствует токен доступа. : []
2026-03-11T11:57:34+00:00 ERROR Error persisting Meta logs: Невозможно создать экземпляр API, так как отсутствует токен доступа. : []
2026-03-11T12:02:34+00:00 ERROR Error persisting Meta logs: Невозможно создать экземпляр API, так как отсутствует токен доступа. : []
2026-03-11T12:36:54+00:00 ERROR Error persisting Meta logs: Невозможно создать экземпляр API, так как отсутствует токен доступа. : []
2026-03-11T12:37:00+00:00 WARNING Product feed scheduling failed: Integration not configured. : {"flow_name":"product_feed","flow_step":"schedule_feed_generation"}
2026-03-11T12:37:00+00:00 WARNING Language override feed scheduling failed: Integration not configured. : {"flow_name":"language_override_feed","flow_step":"schedule_feed_generation"}
2026-03-11T12:37:00+00:00 ERROR Error persisting error logs: Невозможно создать экземпляр API, так как отсутствует токен доступа. : []
2026-03-11T12:40:49+00:00 NOTICE При попытке синхронизировать товары с помощью пакетного API каталога для задания e9a60214ff416bf0262cbb2db6e196d0 произошла ошибка: Невозможно создать экземпляр API, так как отсутствует токен доступа.
2026-03-11T12:42:34+00:00 ERROR Error persisting Meta logs: Невозможно создать экземпляр API, так как отсутствует токен доступа. : []
2026-03-11T12:47:01+00:00 ERROR Error persisting Meta logs: Невозможно создать экземпляр API, так как отсутствует токен доступа. : []
2026-03-11T12:52:13+00:00 ERROR Error persisting Meta logs: Невозможно создать экземпляр API, так как отсутствует токен доступа. : []
2026-03-11T12:58:20+00:00 ERROR Error persisting Meta logs: Невозможно создать экземпляр API, так как отсутствует токен доступа. : []
2026-03-11T13:11:02+00:00 ERROR Error persisting Meta logs: Невозможно создать экземпляр API, так как отсутствует токен доступа. : []
2026-03-11T13:11:10+00:00 ERROR Error persisting Meta logs: Невозможно создать экземпляр API, так как отсутствует токен доступа. : []
2026-03-11T13:11:59+00:00 ERROR Error persisting Meta logs: Невозможно создать экземпляр API, так как отсутствует токен доступа. : []
2026-03-11T13:17:05+00:00 ERROR Error persisting Meta logs: Невозможно создать экземпляр API, так как отсутствует токен доступа. : []
2026-03-11T13:22:08+00:00 ERROR Error persisting Meta logs: Невозможно создать экземпляр API, так как отсутствует токен доступа. : []
2026-03-11T13:23:18+00:00 NOTICE При попытке синхронизировать товары с помощью пакетного API каталога для задания 99c905a5420e060b75b89926791c8630 произошла ошибка: Невозможно создать экземпляр API, так как отсутствует токен доступа.
2026-03-11T13:27:26+00:00 ERROR Error persisting Meta logs: Невозможно создать экземпляр API, так как отсутствует токен доступа. : []
2026-03-11T13:31:14+00:00 NOTICE При попытке синхронизировать товары с помощью пакетного API каталога для задания 8bc9829a172e0a23f992094d2eb8b44d произошла ошибка: Невозможно создать экземпляр API, так как отсутствует токен доступа.
2026-03-11T13:31:50+00:00 ERROR Error persisting Meta logs: Невозможно создать экземпляр API, так как отсутствует токен доступа. : []
2026-03-11T13:37:31+00:00 ERROR Error persisting Meta logs: Невозможно создать экземпляр API, так как отсутствует токен доступа. : []
2026-03-11T13:41:48+00:00 ERROR Error persisting Meta logs: Невозможно создать экземпляр API, так как отсутствует токен доступа. : []
2026-03-11T13:42:32+00:00 NOTICE При попытке синхронизировать товары с помощью пакетного API каталога для задания 11d8cf246020c1117bb53dab7444f672 произошла ошибка: Невозможно создать экземпляр API, так как отсутствует токен доступа.
2026-03-11T13:47:11+00:00 ERROR Error persisting Meta logs: Невозможно создать экземпляр API, так как отсутствует токен доступа. : []
2026-03-11T13:51:54+00:00 ERROR Error persisting Meta logs: Невозможно создать экземпляр API, так как отсутствует токен доступа. : []
2026-03-11T13:55:43+00:00 NOTICE There was an error trying to get product set data in a catalog: Невозможно создать экземпляр API, так как отсутствует токен доступа.
2026-03-11T13:55:43+00:00 ERROR ProductSetSync exception: exception_code : 0; exception_class : WooCommerce\Facebook\Framework\Api\Exception: exception_message : Невозможно создать экземпляр API, так как отсутствует токен доступа.; exception_trace : #0 C:\OSPanel\domains\mysite4\wordpress\wp-content\plugins\facebook-for-woocommerce\includes\ProductSets\ProductSetSync.php(139): WC_Facebookcommerce->get_api()
#1 C:\OSPanel\domains\mysite4\wordpress\wp-content\plugins\facebook-for-woocommerce\includes\ProductSets\ProductSetSync.php(65): WooCommerce\Facebook\ProductSets\ProductSetSync->get_fb_product_set_id()
#2 C:\OSPanel\domains\mysite4\wordpress\wp-includes\class-wp-hook.php(341): WooCommerce\Facebook\ProductSets\ProductSetSync->on_create_or_update_product_wc_category_callback()
#3 C:\OSPanel\domains\mysite4\wordpress\wp-includes\class-wp-hook.php(365): WP_Hook->apply_filters()
#4 C:\OSPanel\domains\mysite4\wordpress\wp-includes\plugin.php(522): WP_Hook->do_action()
#5 C:\OSPanel\domains\mysite4\wordpress\wp-includes\taxonomy.php(3489): do_action()
#6 C:\OSPanel\domains\mysite4\wordpress\wp-admin\edit-tags.php(183): wp_update_term()
#7 {main}
2026-03-11T13:57:01+00:00 ERROR Error persisting Meta logs: Невозможно создать экземпляр API, так как отсутствует токен доступа. : []
2026-03-11T14:02:10+00:00 NOTICE При попытке синхронизировать товары с помощью пакетного API каталога для задания cc182fd20ef1d81a29a5f848502143f0 произошла ошибка: Невозможно создать экземпляр API, так как отсутствует токен доступа.
2026-03-11T14:02:54+00:00 ERROR Error persisting Meta logs: Невозможно создать экземпляр API, так как отсутствует токен доступа. : []
2026-03-11T14:06:49+00:00 ERROR Error persisting Meta logs: Невозможно создать экземпляр API, так как отсутствует токен доступа. : []
2026-03-11T14:11:50+00:00 WARNING Product feed scheduling failed: Integration not configured. : {"flow_name":"product_feed","flow_step":"schedule_feed_generation"}
2026-03-11T14:11:50+00:00 WARNING Language override feed scheduling failed: Integration not configured. : {"flow_name":"language_override_feed","flow_step":"schedule_feed_generation"}
2026-03-11T14:11:50+00:00 ERROR Error persisting Meta logs: Невозможно создать экземпляр API, так как отсутствует токен доступа. : []
2026-03-11T14:16:49+00:00 ERROR Error persisting Meta logs: Невозможно создать экземпляр API, так как отсутствует токен доступа. : []
2026-03-11T14:22:12+00:00 ERROR Error persisting Meta logs: Невозможно создать экземпляр API, так как отсутствует токен доступа. : []
2026-03-11T14:24:49+00:00 NOTICE При попытке синхронизировать товары с помощью пакетного API каталога для задания cf761e275ccbc75a8cc0ed34a43a95fa произошла ошибка: Невозможно создать экземпляр API, так как отсутствует токен доступа.
2026-03-11T14:27:51+00:00 ERROR Error persisting Meta logs: Невозможно создать экземпляр API, так как отсутствует токен доступа. : []
2026-03-11T14:32:01+00:00 ERROR Error persisting Meta logs: Невозможно создать экземпляр API, так как отсутствует токен доступа. : []
2026-03-11T14:32:58+00:00 NOTICE При попытке синхронизировать товары с помощью пакетного API каталога для задания 6ec3cc51b5659e7d458e931f27872fec произошла ошибка: Невозможно создать экземпляр API, так как отсутствует токен доступа.
2026-03-11T14:35:04+00:00 NOTICE There was an error trying to get product set data in a catalog: Невозможно создать экземпляр API, так как отсутствует токен доступа.
2026-03-11T14:35:04+00:00 ERROR ProductSetSync exception: exception_code : 0; exception_class : WooCommerce\Facebook\Framework\Api\Exception: exception_message : Невозможно создать экземпляр API, так как отсутствует токен доступа.; exception_trace : #0 C:\OSPanel\domains\mysite4\wordpress\wp-content\plugins\facebook-for-woocommerce\includes\ProductSets\ProductSetSync.php(139): WC_Facebookcommerce->get_api()
#1 C:\OSPanel\domains\mysite4\wordpress\wp-content\plugins\facebook-for-woocommerce\includes\ProductSets\ProductSetSync.php(65): WooCommerce\Facebook\ProductSets\ProductSetSync->get_fb_product_set_id()
#2 C:\OSPanel\domains\mysite4\wordpress\wp-includes\class-wp-hook.php(341): WooCommerce\Facebook\ProductSets\ProductSetSync->on_create_or_update_product_wc_category_callback()
#3 C:\OSPanel\domains\mysite4\wordpress\wp-includes\class-wp-hook.php(365): WP_Hook->apply_filters()
#4 C:\OSPanel\domains\mysite4\wordpress\wp-includes\plugin.php(522): WP_Hook->do_action()
#5 C:\OSPanel\domains\mysite4\wordpress\wp-includes\taxonomy.php(2697): do_action()
#6 C:\OSPanel\domains\mysite4\wordpress\wp-admin\includes\ajax-actions.php(1103): wp_insert_term()
#7 C:\OSPanel\domains\mysite4\wordpress\wp-includes\class-wp-hook.php(341): wp_ajax_add_tag()
#8 C:\OSPanel\domains\mysite4\wordpress\wp-includes\class-wp-hook.php(365): WP_Hook->apply_filters()
#9 C:\OSPanel\domains\mysite4\wordpress\wp-includes\plugin.php(522): WP_Hook->do_action()
#10 C:\OSPanel\domains\mysite4\wordpress\wp-admin\admin-ajax.php(192): do_action()
#11 {main}
2026-03-11T14:37:12+00:00 ERROR Error persisting Meta logs: Невозможно создать экземпляр API, так как отсутствует токен доступа. : []
2026-03-11T14:42:37+00:00 ERROR Error persisting Meta logs: Невозможно создать экземпляр API, так как отсутствует токен доступа. : []
2026-03-11T14:47:02+00:00 ERROR Error persisting Meta logs: Невозможно создать экземпляр API, так как отсутствует токен доступа. : []
2026-03-11T14:52:40+00:00 ERROR Error persisting Meta logs: Невозможно создать экземпляр API, так как отсутствует токен доступа. : []
2026-03-11T14:57:08+00:00 ERROR Error persisting Meta logs: Невозможно создать экземпляр API, так как отсутствует токен доступа. : []
2026-03-11T15:02:09+00:00 ERROR Error persisting Meta logs: Невозможно создать экземпляр API, так как отсутствует токен доступа. : []
2026-03-11T15:06:49+00:00 ERROR Error persisting Meta logs: Невозможно создать экземпляр API, так как отсутствует токен доступа. : []
2026-03-11T15:13:19+00:00 WARNING Product feed scheduling failed: Integration not configured. : {"flow_name":"product_feed","flow_step":"schedule_feed_generation"}
2026-03-11T15:13:19+00:00 WARNING Language override feed scheduling failed: Integration not configured. : {"flow_name":"language_override_feed","flow_step":"schedule_feed_generation"}
2026-03-11T15:13:19+00:00 ERROR Error persisting Meta logs: Невозможно создать экземпляр API, так как отсутствует токен доступа. : []
2026-03-11T15:17:32+00:00 ERROR Error persisting Meta logs: Невозможно создать экземпляр API, так как отсутствует токен доступа. : []
2026-03-11T15:21:47+00:00 ERROR Error persisting Meta logs: Невозможно создать экземпляр API, так как отсутствует токен доступа. : []
2026-03-11T15:26:45+00:00 ERROR Error persisting Meta logs: Невозможно создать экземпляр API, так как отсутствует токен доступа. : []
2026-03-11T15:32:13+00:00 ERROR Error persisting Meta logs: Невозможно создать экземпляр API, так как отсутствует токен доступа. : []
2026-03-11T15:36:54+00:00 ERROR Error persisting Meta logs: Невозможно создать экземпляр API, так как отсутствует токен доступа. : []
