2026-03-10T07:50:59+00:00 WARNING Product feed scheduling failed: Integration not configured. : {"flow_name":"product_feed","flow_step":"schedule_feed_generation"}
2026-03-10T07:50:59+00:00 WARNING Language override feed scheduling failed: Integration not configured. : {"flow_name":"language_override_feed","flow_step":"schedule_feed_generation"}
2026-03-10T07:50:59+00:00 ERROR Error persisting error logs: Невозможно создать экземпляр API, так как отсутствует токен доступа. : []
2026-03-10T07:52:38+00:00 NOTICE Unable to detect valid feed configuration: No catalog ID
2026-03-10T07:52:38+00:00 NOTICE There was an error trying to get product set data in a catalog: Невозможно создать экземпляр API, так как отсутствует токен доступа.
2026-03-10T07:52:38+00:00 ERROR ProductSetSync exception: exception_code : 0; exception_class : WooCommerce\Facebook\Framework\Api\Exception: exception_message : Невозможно создать экземпляр API, так как отсутствует токен доступа.; exception_trace : #0 C:\OSPanel\domains\mysite4\wordpress\wp-content\plugins\facebook-for-woocommerce\includes\ProductSets\ProductSetSync.php(139): WC_Facebookcommerce->get_api()
#1 C:\OSPanel\domains\mysite4\wordpress\wp-content\plugins\facebook-for-woocommerce\includes\ProductSets\ProductSetSync.php(226): WooCommerce\Facebook\ProductSets\ProductSetSync->get_fb_product_set_id()
#2 C:\OSPanel\domains\mysite4\wordpress\wp-content\plugins\facebook-for-woocommerce\includes\ProductSets\ProductSetSync.php(107): WooCommerce\Facebook\ProductSets\ProductSetSync->sync_all_wc_product_categories()
#3 C:\OSPanel\domains\mysite4\wordpress\wp-includes\class-wp-hook.php(341): WooCommerce\Facebook\ProductSets\ProductSetSync->sync_all_product_sets()
#4 C:\OSPanel\domains\mysite4\wordpress\wp-includes\class-wp-hook.php(365): WP_Hook->apply_filters()
#5 C:\OSPanel\domains\mysite4\wordpress\wp-includes\plugin.php(570): WP_Hook->do_action()
#6 C:\OSPanel\domains\mysite4\wordpress\wp-content\plugins\woocommerce\packages\action-scheduler\classes\actions\ActionScheduler_Action.php(86): do_action_ref_array()
#7 C:\OSPanel\domains\mysite4\wordpress\wp-content\plugins\woocommerce\packages\action-scheduler\classes\abstracts\ActionScheduler_Abstract_QueueRunner.php(103): ActionScheduler_Action->execute()
#8 C:\OSPanel\domains\mysite4\wordpress\wp-content\plugins\woocommerce\packages\action-scheduler\classes\ActionScheduler_QueueRunner.php(188): ActionScheduler_Abstract_QueueRunner->process_action()
#9 C:\OSPanel\domains\mysite4\wordpress\wp-content\plugins\woocommerce\packages\action-scheduler\classes\ActionScheduler_QueueRunner.php(158): ActionScheduler_QueueRunner->do_batch()
#10 C:\OSPanel\domains\mysite4\wordpress\wp-includes\class-wp-hook.php(341): ActionScheduler_QueueRunner->run()
#11 C:\OSPanel\domains\mysite4\wordpress\wp-includes\class-wp-hook.php(365): WP_Hook->apply_filters()
#12 C:\OSPanel\domains\mysite4\wordpress\wp-includes\plugin.php(570): WP_Hook->do_action()
#13 C:\OSPanel\domains\mysite4\wordpress\wp-cron.php(191): do_action_ref_array()
#14 {main}
2026-03-10T07:52:38+00:00 ERROR Error persisting Meta logs: Невозможно создать экземпляр API, так как отсутствует токен доступа. : []
2026-03-10T07:56:55+00:00 ERROR Error persisting Meta logs: Невозможно создать экземпляр API, так как отсутствует токен доступа. : []
2026-03-10T08:02:26+00:00 ERROR Error persisting Meta logs: Невозможно создать экземпляр API, так как отсутствует токен доступа. : []
2026-03-10T08:06:57+00:00 ERROR Error persisting Meta logs: Невозможно создать экземпляр API, так как отсутствует токен доступа. : []
2026-03-10T08:14:20+00:00 ERROR Error persisting Meta logs: Невозможно создать экземпляр API, так как отсутствует токен доступа. : []
2026-03-10T08:17:34+00:00 ERROR Error persisting Meta logs: Невозможно создать экземпляр API, так как отсутствует токен доступа. : []
2026-03-10T08:21:54+00:00 ERROR Error persisting Meta logs: Невозможно создать экземпляр API, так как отсутствует токен доступа. : []
2026-03-10T08:26:54+00:00 ERROR Error persisting Meta logs: Невозможно создать экземпляр API, так как отсутствует токен доступа. : []
2026-03-10T08:31:55+00:00 ERROR Error persisting Meta logs: Невозможно создать экземпляр API, так как отсутствует токен доступа. : []
2026-03-10T08:37:07+00:00 ERROR Error persisting Meta logs: Невозможно создать экземпляр API, так как отсутствует токен доступа. : []
2026-03-10T08:44:02+00:00 ERROR Error persisting Meta logs: Невозможно создать экземпляр API, так как отсутствует токен доступа. : []
2026-03-10T08:48:17+00:00 ERROR Error persisting Meta logs: Невозможно создать экземпляр API, так как отсутствует токен доступа. : []
2026-03-10T08:51:57+00:00 ERROR Error persisting Meta logs: Невозможно создать экземпляр API, так как отсутствует токен доступа. : []
2026-03-10T08:56:48+00:00 ERROR Error persisting Meta logs: Невозможно создать экземпляр API, так как отсутствует токен доступа. : []
2026-03-10T09:01:57+00:00 ERROR Error persisting Meta logs: Невозможно создать экземпляр API, так как отсутствует токен доступа. : []
2026-03-10T09:06:48+00:00 ERROR Error persisting Meta logs: Невозможно создать экземпляр API, так как отсутствует токен доступа. : []
2026-03-10T09:11:58+00:00 WARNING Product feed scheduling failed: Integration not configured. : {"flow_name":"product_feed","flow_step":"schedule_feed_generation"}
2026-03-10T09:11:58+00:00 WARNING Language override feed scheduling failed: Integration not configured. : {"flow_name":"language_override_feed","flow_step":"schedule_feed_generation"}
2026-03-10T09:11:58+00:00 ERROR Error persisting Meta logs: Невозможно создать экземпляр API, так как отсутствует токен доступа. : []
2026-03-10T09:16:58+00:00 ERROR Error persisting Meta logs: Невозможно создать экземпляр API, так как отсутствует токен доступа. : []
2026-03-10T09:21:49+00:00 ERROR Error persisting Meta logs: Невозможно создать экземпляр API, так как отсутствует токен доступа. : []
2026-03-10T09:28:26+00:00 ERROR Error persisting Meta logs: Невозможно создать экземпляр API, так как отсутствует токен доступа. : []
2026-03-10T09:31:56+00:00 ERROR Error persisting Meta logs: Невозможно создать экземпляр API, так как отсутствует токен доступа. : []
2026-03-10T09:38:09+00:00 ERROR Error persisting Meta logs: Невозможно создать экземпляр API, так как отсутствует токен доступа. : []
2026-03-10T09:41:49+00:00 ERROR Error persisting Meta logs: Невозможно создать экземпляр API, так как отсутствует токен доступа. : []
2026-03-10T09:46:50+00:00 ERROR Error persisting Meta logs: Невозможно создать экземпляр API, так как отсутствует токен доступа. : []
2026-03-10T09:51:49+00:00 ERROR Error persisting Meta logs: Невозможно создать экземпляр API, так как отсутствует токен доступа. : []
2026-03-10T09:56:49+00:00 ERROR Error persisting Meta logs: Невозможно создать экземпляр API, так как отсутствует токен доступа. : []
2026-03-10T10:01:49+00:00 ERROR Error persisting Meta logs: Невозможно создать экземпляр API, так как отсутствует токен доступа. : []
2026-03-10T10:06:50+00:00 ERROR Error persisting Meta logs: Невозможно создать экземпляр API, так как отсутствует токен доступа. : []
2026-03-10T10:11:50+00:00 ERROR Error persisting Meta logs: Невозможно создать экземпляр API, так как отсутствует токен доступа. : []
2026-03-10T10:16:50+00:00 ERROR Error persisting Meta logs: Невозможно создать экземпляр API, так как отсутствует токен доступа. : []
2026-03-10T10:21:50+00:00 ERROR Error persisting Meta logs: Невозможно создать экземпляр API, так как отсутствует токен доступа. : []
2026-03-10T10:26:50+00:00 ERROR Error persisting Meta logs: Невозможно создать экземпляр API, так как отсутствует токен доступа. : []
2026-03-10T10:31:50+00:00 ERROR Error persisting Meta logs: Невозможно создать экземпляр API, так как отсутствует токен доступа. : []
2026-03-10T10:36:50+00:00 ERROR Error persisting Meta logs: Невозможно создать экземпляр API, так как отсутствует токен доступа. : []
2026-03-10T10:41:50+00:00 ERROR Error persisting Meta logs: Невозможно создать экземпляр API, так как отсутствует токен доступа. : []
2026-03-10T10:46:50+00:00 ERROR Error persisting Meta logs: Невозможно создать экземпляр API, так как отсутствует токен доступа. : []
2026-03-10T10:51:50+00:00 ERROR Error persisting Meta logs: Невозможно создать экземпляр API, так как отсутствует токен доступа. : []
2026-03-10T10:56:50+00:00 ERROR Error persisting Meta logs: Невозможно создать экземпляр API, так как отсутствует токен доступа. : []
2026-03-10T11:01:50+00:00 ERROR Error persisting Meta logs: Невозможно создать экземпляр API, так как отсутствует токен доступа. : []
2026-03-10T11:06:50+00:00 ERROR Error persisting Meta logs: Невозможно создать экземпляр API, так как отсутствует токен доступа. : []
2026-03-10T11:11:51+00:00 WARNING Product feed scheduling failed: Integration not configured. : {"flow_name":"product_feed","flow_step":"schedule_feed_generation"}
2026-03-10T11:11:51+00:00 WARNING Language override feed scheduling failed: Integration not configured. : {"flow_name":"language_override_feed","flow_step":"schedule_feed_generation"}
2026-03-10T11:11:51+00:00 ERROR Error persisting error logs: Невозможно создать экземпляр API, так как отсутствует токен доступа. : []
2026-03-10T11:11:51+00:00 ERROR Error persisting Meta logs: Невозможно создать экземпляр API, так как отсутствует токен доступа. : []
2026-03-10T11:16:51+00:00 ERROR Error persisting Meta logs: Невозможно создать экземпляр API, так как отсутствует токен доступа. : []
2026-03-10T11:21:51+00:00 ERROR Error persisting Meta logs: Невозможно создать экземпляр API, так как отсутствует токен доступа. : []
2026-03-10T11:26:51+00:00 ERROR Error persisting Meta logs: Невозможно создать экземпляр API, так как отсутствует токен доступа. : []
2026-03-10T11:31:51+00:00 ERROR Error persisting Meta logs: Невозможно создать экземпляр API, так как отсутствует токен доступа. : []
2026-03-10T11:36:51+00:00 ERROR Error persisting Meta logs: Невозможно создать экземпляр API, так как отсутствует токен доступа. : []
2026-03-10T11:41:52+00:00 ERROR Error persisting Meta logs: Невозможно создать экземпляр API, так как отсутствует токен доступа. : []
2026-03-10T11:47:59+00:00 ERROR Error persisting Meta logs: Невозможно создать экземпляр API, так как отсутствует токен доступа. : []
2026-03-10T11:51:56+00:00 ERROR Error persisting Meta logs: Невозможно создать экземпляр API, так как отсутствует токен доступа. : []
2026-03-10T11:56:54+00:00 ERROR Error persisting Meta logs: Невозможно создать экземпляр API, так как отсутствует токен доступа. : []
2026-03-10T12:01:52+00:00 ERROR Error persisting Meta logs: Невозможно создать экземпляр API, так как отсутствует токен доступа. : []
2026-03-10T12:06:53+00:00 ERROR Error persisting Meta logs: Невозможно создать экземпляр API, так как отсутствует токен доступа. : []
2026-03-10T12:11:56+00:00 WARNING Product feed scheduling failed: Integration not configured. : {"flow_name":"product_feed","flow_step":"schedule_feed_generation"}
2026-03-10T12:11:56+00:00 WARNING Language override feed scheduling failed: Integration not configured. : {"flow_name":"language_override_feed","flow_step":"schedule_feed_generation"}
2026-03-10T12:11:56+00:00 ERROR Error persisting Meta logs: Невозможно создать экземпляр API, так как отсутствует токен доступа. : []
2026-03-10T12:16:54+00:00 ERROR Error persisting Meta logs: Невозможно создать экземпляр API, так как отсутствует токен доступа. : []
2026-03-10T12:22:17+00:00 ERROR Error persisting Meta logs: Невозможно создать экземпляр API, так как отсутствует токен доступа. : []
2026-03-10T12:26:57+00:00 ERROR Error persisting Meta logs: Невозможно создать экземпляр API, так как отсутствует токен доступа. : []
2026-03-10T12:32:17+00:00 ERROR Error persisting Meta logs: Невозможно создать экземпляр API, так как отсутствует токен доступа. : []
2026-03-10T12:36:59+00:00 ERROR Error persisting Meta logs: Невозможно создать экземпляр API, так как отсутствует токен доступа. : []
2026-03-10T12:42:07+00:00 ERROR Error persisting Meta logs: Невозможно создать экземпляр API, так как отсутствует токен доступа. : []
2026-03-10T12:47:05+00:00 ERROR Error persisting Meta logs: Невозможно создать экземпляр API, так как отсутствует токен доступа. : []
2026-03-10T12:51:51+00:00 ERROR Error persisting Meta logs: Невозможно создать экземпляр API, так как отсутствует токен доступа. : []
2026-03-10T12:57:04+00:00 ERROR Error persisting Meta logs: Невозможно создать экземпляр API, так как отсутствует токен доступа. : []
2026-03-10T13:01:50+00:00 ERROR Error persisting Meta logs: Невозможно создать экземпляр API, так как отсутствует токен доступа. : []
2026-03-10T13:06:58+00:00 ERROR Error persisting Meta logs: Невозможно создать экземпляр API, так как отсутствует токен доступа. : []
2026-03-10T13:11:49+00:00 ERROR Error persisting Meta logs: Невозможно создать экземпляр API, так как отсутствует токен доступа. : []
2026-03-10T13:16:53+00:00 ERROR Error persisting Meta logs: Невозможно создать экземпляр API, так как отсутствует токен доступа. : []
