2026-03-12T09:31:31+00:00 WARNING Product feed scheduling failed: Integration not configured. : {"flow_name":"product_feed","flow_step":"schedule_feed_generation"}
2026-03-12T09:31:31+00:00 WARNING Language override feed scheduling failed: Integration not configured. : {"flow_name":"language_override_feed","flow_step":"schedule_feed_generation"}
2026-03-12T09:31:31+00:00 ERROR Error persisting error logs: Невозможно создать экземпляр API, так как отсутствует токен доступа. : []
2026-03-12T09:31:31+00:00 NOTICE Unable to detect valid feed configuration: No catalog ID
2026-03-12T09:31:31+00:00 NOTICE There was an error trying to get product set data in a catalog: Невозможно создать экземпляр API, так как отсутствует токен доступа.
2026-03-12T09:31:31+00:00 ERROR ProductSetSync exception: exception_code : 0; exception_class : WooCommerce\Facebook\Framework\Api\Exception: exception_message : Невозможно создать экземпляр API, так как отсутствует токен доступа.; exception_trace : #0 C:\OSPanel\domains\mysite4\wordpress\wp-content\plugins\facebook-for-woocommerce\includes\ProductSets\ProductSetSync.php(139): WC_Facebookcommerce->get_api()
#1 C:\OSPanel\domains\mysite4\wordpress\wp-content\plugins\facebook-for-woocommerce\includes\ProductSets\ProductSetSync.php(226): WooCommerce\Facebook\ProductSets\ProductSetSync->get_fb_product_set_id()
#2 C:\OSPanel\domains\mysite4\wordpress\wp-content\plugins\facebook-for-woocommerce\includes\ProductSets\ProductSetSync.php(107): WooCommerce\Facebook\ProductSets\ProductSetSync->sync_all_wc_product_categories()
#3 C:\OSPanel\domains\mysite4\wordpress\wp-includes\class-wp-hook.php(341): WooCommerce\Facebook\ProductSets\ProductSetSync->sync_all_product_sets()
#4 C:\OSPanel\domains\mysite4\wordpress\wp-includes\class-wp-hook.php(365): WP_Hook->apply_filters()
#5 C:\OSPanel\domains\mysite4\wordpress\wp-includes\plugin.php(570): WP_Hook->do_action()
#6 C:\OSPanel\domains\mysite4\wordpress\wp-content\plugins\woocommerce\packages\action-scheduler\classes\actions\ActionScheduler_Action.php(86): do_action_ref_array()
#7 C:\OSPanel\domains\mysite4\wordpress\wp-content\plugins\woocommerce\packages\action-scheduler\classes\abstracts\ActionScheduler_Abstract_QueueRunner.php(103): ActionScheduler_Action->execute()
#8 C:\OSPanel\domains\mysite4\wordpress\wp-content\plugins\woocommerce\packages\action-scheduler\classes\ActionScheduler_QueueRunner.php(188): ActionScheduler_Abstract_QueueRunner->process_action()
#9 C:\OSPanel\domains\mysite4\wordpress\wp-content\plugins\woocommerce\packages\action-scheduler\classes\ActionScheduler_QueueRunner.php(158): ActionScheduler_QueueRunner->do_batch()
#10 C:\OSPanel\domains\mysite4\wordpress\wp-includes\class-wp-hook.php(341): ActionScheduler_QueueRunner->run()
#11 C:\OSPanel\domains\mysite4\wordpress\wp-includes\class-wp-hook.php(365): WP_Hook->apply_filters()
#12 C:\OSPanel\domains\mysite4\wordpress\wp-includes\plugin.php(522): WP_Hook->do_action()
#13 C:\OSPanel\domains\mysite4\wordpress\wp-content\plugins\woocommerce\packages\action-scheduler\classes\ActionScheduler_AsyncRequest_QueueRunner.php(48): do_action()
#14 C:\OSPanel\domains\mysite4\wordpress\wp-content\plugins\woocommerce\includes\libraries\wp-async-request.php(147): ActionScheduler_AsyncRequest_QueueRunner->handle()
#15 C:\OSPanel\domains\mysite4\wordpress\wp-includes\class-wp-hook.php(341): WP_Async_Request->maybe_handle()
#16 C:\OSPanel\domains\mysite4\wordpress\wp-includes\class-wp-hook.php(365): WP_Hook->apply_filters()
#17 C:\OSPanel\domains\mysite4\wordpress\wp-includes\plugin.php(522): WP_Hook->do_action()
#18 C:\OSPanel\domains\mysite4\wordpress\wp-admin\admin-ajax.php(192): do_action()
#19 {main}
2026-03-12T09:31:31+00:00 NOTICE There was an error trying to get product set data in a catalog: Невозможно создать экземпляр API, так как отсутствует токен доступа.
2026-03-12T09:31:31+00:00 ERROR ProductSetSync exception: exception_code : 0; exception_class : WooCommerce\Facebook\Framework\Api\Exception: exception_message : Невозможно создать экземпляр API, так как отсутствует токен доступа.; exception_trace : #0 C:\OSPanel\domains\mysite4\wordpress\wp-content\plugins\facebook-for-woocommerce\includes\ProductSets\ProductSetSync.php(139): WC_Facebookcommerce->get_api()
#1 C:\OSPanel\domains\mysite4\wordpress\wp-content\plugins\facebook-for-woocommerce\includes\ProductSets\ProductSetSync.php(226): WooCommerce\Facebook\ProductSets\ProductSetSync->get_fb_product_set_id()
#2 C:\OSPanel\domains\mysite4\wordpress\wp-content\plugins\facebook-for-woocommerce\includes\ProductSets\ProductSetSync.php(107): WooCommerce\Facebook\ProductSets\ProductSetSync->sync_all_wc_product_categories()
#3 C:\OSPanel\domains\mysite4\wordpress\wp-includes\class-wp-hook.php(341): WooCommerce\Facebook\ProductSets\ProductSetSync->sync_all_product_sets()
#4 C:\OSPanel\domains\mysite4\wordpress\wp-includes\class-wp-hook.php(365): WP_Hook->apply_filters()
#5 C:\OSPanel\domains\mysite4\wordpress\wp-includes\plugin.php(570): WP_Hook->do_action()
#6 C:\OSPanel\domains\mysite4\wordpress\wp-content\plugins\woocommerce\packages\action-scheduler\classes\actions\ActionScheduler_Action.php(86): do_action_ref_array()
#7 C:\OSPanel\domains\mysite4\wordpress\wp-content\plugins\woocommerce\packages\action-scheduler\classes\abstracts\ActionScheduler_Abstract_QueueRunner.php(103): ActionScheduler_Action->execute()
#8 C:\OSPanel\domains\mysite4\wordpress\wp-content\plugins\woocommerce\packages\action-scheduler\classes\ActionScheduler_QueueRunner.php(188): ActionScheduler_Abstract_QueueRunner->process_action()
#9 C:\OSPanel\domains\mysite4\wordpress\wp-content\plugins\woocommerce\packages\action-scheduler\classes\ActionScheduler_QueueRunner.php(158): ActionScheduler_QueueRunner->do_batch()
#10 C:\OSPanel\domains\mysite4\wordpress\wp-includes\class-wp-hook.php(341): ActionScheduler_QueueRunner->run()
#11 C:\OSPanel\domains\mysite4\wordpress\wp-includes\class-wp-hook.php(365): WP_Hook->apply_filters()
#12 C:\OSPanel\domains\mysite4\wordpress\wp-includes\plugin.php(522): WP_Hook->do_action()
#13 C:\OSPanel\domains\mysite4\wordpress\wp-content\plugins\woocommerce\packages\action-scheduler\classes\ActionScheduler_AsyncRequest_QueueRunner.php(48): do_action()
#14 C:\OSPanel\domains\mysite4\wordpress\wp-content\plugins\woocommerce\includes\libraries\wp-async-request.php(147): ActionScheduler_AsyncRequest_QueueRunner->handle()
#15 C:\OSPanel\domains\mysite4\wordpress\wp-includes\class-wp-hook.php(341): WP_Async_Request->maybe_handle()
#16 C:\OSPanel\domains\mysite4\wordpress\wp-includes\class-wp-hook.php(365): WP_Hook->apply_filters()
#17 C:\OSPanel\domains\mysite4\wordpress\wp-includes\plugin.php(522): WP_Hook->do_action()
#18 C:\OSPanel\domains\mysite4\wordpress\wp-admin\admin-ajax.php(192): do_action()
#19 {main}
2026-03-12T09:33:10+00:00 ERROR Error persisting Meta logs: Невозможно создать экземпляр API, так как отсутствует токен доступа. : []
2026-03-12T09:38:15+00:00 ERROR Error persisting Meta logs: Невозможно создать экземпляр API, так как отсутствует токен доступа. : []
2026-03-12T09:44:19+00:00 ERROR Error persisting Meta logs: Невозможно создать экземпляр API, так как отсутствует токен доступа. : []
2026-03-12T09:47:21+00:00 ERROR Error persisting Meta logs: Невозможно создать экземпляр API, так как отсутствует токен доступа. : []
2026-03-12T09:52:07+00:00 ERROR Error persisting Meta logs: Невозможно создать экземпляр API, так как отсутствует токен доступа. : []
2026-03-12T09:57:17+00:00 ERROR Error persisting Meta logs: Невозможно создать экземпляр API, так как отсутствует токен доступа. : []
2026-03-12T10:04:11+00:00 ERROR Error persisting Meta logs: Невозможно создать экземпляр API, так как отсутствует токен доступа. : []
2026-03-12T10:08:19+00:00 ERROR Error persisting Meta logs: Невозможно создать экземпляр API, так как отсутствует токен доступа. : []
2026-03-12T10:14:17+00:00 ERROR Error persisting Meta logs: Невозможно создать экземпляр API, так как отсутствует токен доступа. : []
2026-03-12T10:17:08+00:00 ERROR Error persisting Meta logs: Невозможно создать экземпляр API, так как отсутствует токен доступа. : []
2026-03-12T10:22:07+00:00 ERROR Error persisting Meta logs: Невозможно создать экземпляр API, так как отсутствует токен доступа. : []
2026-03-12T10:27:26+00:00 ERROR Error persisting Meta logs: Невозможно создать экземпляр API, так как отсутствует токен доступа. : []
2026-03-12T10:31:46+00:00 ERROR Error persisting Meta logs: Невозможно создать экземпляр API, так как отсутствует токен доступа. : []
2026-03-12T10:37:43+00:00 ERROR Error persisting Meta logs: Невозможно создать экземпляр API, так как отсутствует токен доступа. : []
2026-03-12T10:38:13+00:00 NOTICE There was an error trying to get product set data in a catalog: Невозможно создать экземпляр API, так как отсутствует токен доступа.
2026-03-12T10:38:13+00:00 ERROR ProductSetSync exception: exception_code : 0; exception_class : WooCommerce\Facebook\Framework\Api\Exception: exception_message : Невозможно создать экземпляр API, так как отсутствует токен доступа.; exception_trace : #0 C:\OSPanel\domains\mysite4\wordpress\wp-content\plugins\facebook-for-woocommerce\includes\ProductSets\ProductSetSync.php(139): WC_Facebookcommerce->get_api()
#1 C:\OSPanel\domains\mysite4\wordpress\wp-content\plugins\facebook-for-woocommerce\includes\ProductSets\ProductSetSync.php(65): WooCommerce\Facebook\ProductSets\ProductSetSync->get_fb_product_set_id()
#2 C:\OSPanel\domains\mysite4\wordpress\wp-includes\class-wp-hook.php(341): WooCommerce\Facebook\ProductSets\ProductSetSync->on_create_or_update_product_wc_category_callback()
#3 C:\OSPanel\domains\mysite4\wordpress\wp-includes\class-wp-hook.php(365): WP_Hook->apply_filters()
#4 C:\OSPanel\domains\mysite4\wordpress\wp-includes\plugin.php(522): WP_Hook->do_action()
#5 C:\OSPanel\domains\mysite4\wordpress\wp-includes\taxonomy.php(2697): do_action()
#6 C:\OSPanel\domains\mysite4\wordpress\wp-admin\includes\ajax-actions.php(1103): wp_insert_term()
#7 C:\OSPanel\domains\mysite4\wordpress\wp-includes\class-wp-hook.php(341): wp_ajax_add_tag()
#8 C:\OSPanel\domains\mysite4\wordpress\wp-includes\class-wp-hook.php(365): WP_Hook->apply_filters()
#9 C:\OSPanel\domains\mysite4\wordpress\wp-includes\plugin.php(522): WP_Hook->do_action()
#10 C:\OSPanel\domains\mysite4\wordpress\wp-admin\admin-ajax.php(192): do_action()
#11 {main}
2026-03-12T10:38:59+00:00 NOTICE There was an error trying to get product set data in a catalog: Невозможно создать экземпляр API, так как отсутствует токен доступа.
2026-03-12T10:38:59+00:00 ERROR ProductSetSync exception: exception_code : 0; exception_class : WooCommerce\Facebook\Framework\Api\Exception: exception_message : Невозможно создать экземпляр API, так как отсутствует токен доступа.; exception_trace : #0 C:\OSPanel\domains\mysite4\wordpress\wp-content\plugins\facebook-for-woocommerce\includes\ProductSets\ProductSetSync.php(139): WC_Facebookcommerce->get_api()
#1 C:\OSPanel\domains\mysite4\wordpress\wp-content\plugins\facebook-for-woocommerce\includes\ProductSets\ProductSetSync.php(65): WooCommerce\Facebook\ProductSets\ProductSetSync->get_fb_product_set_id()
#2 C:\OSPanel\domains\mysite4\wordpress\wp-includes\class-wp-hook.php(341): WooCommerce\Facebook\ProductSets\ProductSetSync->on_create_or_update_product_wc_category_callback()
#3 C:\OSPanel\domains\mysite4\wordpress\wp-includes\class-wp-hook.php(365): WP_Hook->apply_filters()
#4 C:\OSPanel\domains\mysite4\wordpress\wp-includes\plugin.php(522): WP_Hook->do_action()
#5 C:\OSPanel\domains\mysite4\wordpress\wp-includes\taxonomy.php(2697): do_action()
#6 C:\OSPanel\domains\mysite4\wordpress\wp-admin\includes\ajax-actions.php(1103): wp_insert_term()
#7 C:\OSPanel\domains\mysite4\wordpress\wp-includes\class-wp-hook.php(341): wp_ajax_add_tag()
#8 C:\OSPanel\domains\mysite4\wordpress\wp-includes\class-wp-hook.php(365): WP_Hook->apply_filters()
#9 C:\OSPanel\domains\mysite4\wordpress\wp-includes\plugin.php(522): WP_Hook->do_action()
#10 C:\OSPanel\domains\mysite4\wordpress\wp-admin\admin-ajax.php(192): do_action()
#11 {main}
2026-03-12T10:39:14+00:00 NOTICE There was an error trying to get product set data in a catalog: Невозможно создать экземпляр API, так как отсутствует токен доступа.
2026-03-12T10:39:14+00:00 ERROR ProductSetSync exception: exception_code : 0; exception_class : WooCommerce\Facebook\Framework\Api\Exception: exception_message : Невозможно создать экземпляр API, так как отсутствует токен доступа.; exception_trace : #0 C:\OSPanel\domains\mysite4\wordpress\wp-content\plugins\facebook-for-woocommerce\includes\ProductSets\ProductSetSync.php(139): WC_Facebookcommerce->get_api()
#1 C:\OSPanel\domains\mysite4\wordpress\wp-content\plugins\facebook-for-woocommerce\includes\ProductSets\ProductSetSync.php(65): WooCommerce\Facebook\ProductSets\ProductSetSync->get_fb_product_set_id()
#2 C:\OSPanel\domains\mysite4\wordpress\wp-includes\class-wp-hook.php(341): WooCommerce\Facebook\ProductSets\ProductSetSync->on_create_or_update_product_wc_category_callback()
#3 C:\OSPanel\domains\mysite4\wordpress\wp-includes\class-wp-hook.php(365): WP_Hook->apply_filters()
#4 C:\OSPanel\domains\mysite4\wordpress\wp-includes\plugin.php(522): WP_Hook->do_action()
#5 C:\OSPanel\domains\mysite4\wordpress\wp-includes\taxonomy.php(2697): do_action()
#6 C:\OSPanel\domains\mysite4\wordpress\wp-admin\includes\ajax-actions.php(1103): wp_insert_term()
#7 C:\OSPanel\domains\mysite4\wordpress\wp-includes\class-wp-hook.php(341): wp_ajax_add_tag()
#8 C:\OSPanel\domains\mysite4\wordpress\wp-includes\class-wp-hook.php(365): WP_Hook->apply_filters()
#9 C:\OSPanel\domains\mysite4\wordpress\wp-includes\plugin.php(522): WP_Hook->do_action()
#10 C:\OSPanel\domains\mysite4\wordpress\wp-admin\admin-ajax.php(192): do_action()
#11 {main}
2026-03-12T10:40:21+00:00 NOTICE There was an error trying to get product set data in a catalog: Невозможно создать экземпляр API, так как отсутствует токен доступа.
2026-03-12T10:40:21+00:00 ERROR ProductSetSync exception: exception_code : 0; exception_class : WooCommerce\Facebook\Framework\Api\Exception: exception_message : Невозможно создать экземпляр API, так как отсутствует токен доступа.; exception_trace : #0 C:\OSPanel\domains\mysite4\wordpress\wp-content\plugins\facebook-for-woocommerce\includes\ProductSets\ProductSetSync.php(139): WC_Facebookcommerce->get_api()
#1 C:\OSPanel\domains\mysite4\wordpress\wp-content\plugins\facebook-for-woocommerce\includes\ProductSets\ProductSetSync.php(65): WooCommerce\Facebook\ProductSets\ProductSetSync->get_fb_product_set_id()
#2 C:\OSPanel\domains\mysite4\wordpress\wp-includes\class-wp-hook.php(341): WooCommerce\Facebook\ProductSets\ProductSetSync->on_create_or_update_product_wc_category_callback()
#3 C:\OSPanel\domains\mysite4\wordpress\wp-includes\class-wp-hook.php(365): WP_Hook->apply_filters()
#4 C:\OSPanel\domains\mysite4\wordpress\wp-includes\plugin.php(522): WP_Hook->do_action()
#5 C:\OSPanel\domains\mysite4\wordpress\wp-includes\taxonomy.php(2697): do_action()
#6 C:\OSPanel\domains\mysite4\wordpress\wp-admin\includes\ajax-actions.php(1103): wp_insert_term()
#7 C:\OSPanel\domains\mysite4\wordpress\wp-includes\class-wp-hook.php(341): wp_ajax_add_tag()
#8 C:\OSPanel\domains\mysite4\wordpress\wp-includes\class-wp-hook.php(365): WP_Hook->apply_filters()
#9 C:\OSPanel\domains\mysite4\wordpress\wp-includes\plugin.php(522): WP_Hook->do_action()
#10 C:\OSPanel\domains\mysite4\wordpress\wp-admin\admin-ajax.php(192): do_action()
#11 {main}
2026-03-12T10:40:33+00:00 NOTICE There was an error trying to get product set data in a catalog: Невозможно создать экземпляр API, так как отсутствует токен доступа.
2026-03-12T10:40:33+00:00 ERROR ProductSetSync exception: exception_code : 0; exception_class : WooCommerce\Facebook\Framework\Api\Exception: exception_message : Невозможно создать экземпляр API, так как отсутствует токен доступа.; exception_trace : #0 C:\OSPanel\domains\mysite4\wordpress\wp-content\plugins\facebook-for-woocommerce\includes\ProductSets\ProductSetSync.php(139): WC_Facebookcommerce->get_api()
#1 C:\OSPanel\domains\mysite4\wordpress\wp-content\plugins\facebook-for-woocommerce\includes\ProductSets\ProductSetSync.php(65): WooCommerce\Facebook\ProductSets\ProductSetSync->get_fb_product_set_id()
#2 C:\OSPanel\domains\mysite4\wordpress\wp-includes\class-wp-hook.php(341): WooCommerce\Facebook\ProductSets\ProductSetSync->on_create_or_update_product_wc_category_callback()
#3 C:\OSPanel\domains\mysite4\wordpress\wp-includes\class-wp-hook.php(365): WP_Hook->apply_filters()
#4 C:\OSPanel\domains\mysite4\wordpress\wp-includes\plugin.php(522): WP_Hook->do_action()
#5 C:\OSPanel\domains\mysite4\wordpress\wp-includes\taxonomy.php(2697): do_action()
#6 C:\OSPanel\domains\mysite4\wordpress\wp-admin\includes\ajax-actions.php(1103): wp_insert_term()
#7 C:\OSPanel\domains\mysite4\wordpress\wp-includes\class-wp-hook.php(341): wp_ajax_add_tag()
#8 C:\OSPanel\domains\mysite4\wordpress\wp-includes\class-wp-hook.php(365): WP_Hook->apply_filters()
#9 C:\OSPanel\domains\mysite4\wordpress\wp-includes\plugin.php(522): WP_Hook->do_action()
#10 C:\OSPanel\domains\mysite4\wordpress\wp-admin\admin-ajax.php(192): do_action()
#11 {main}
2026-03-12T10:41:29+00:00 NOTICE There was an error trying to get product set data in a catalog: Невозможно создать экземпляр API, так как отсутствует токен доступа.
2026-03-12T10:41:29+00:00 ERROR ProductSetSync exception: exception_code : 0; exception_class : WooCommerce\Facebook\Framework\Api\Exception: exception_message : Невозможно создать экземпляр API, так как отсутствует токен доступа.; exception_trace : #0 C:\OSPanel\domains\mysite4\wordpress\wp-content\plugins\facebook-for-woocommerce\includes\ProductSets\ProductSetSync.php(139): WC_Facebookcommerce->get_api()
#1 C:\OSPanel\domains\mysite4\wordpress\wp-content\plugins\facebook-for-woocommerce\includes\ProductSets\ProductSetSync.php(65): WooCommerce\Facebook\ProductSets\ProductSetSync->get_fb_product_set_id()
#2 C:\OSPanel\domains\mysite4\wordpress\wp-includes\class-wp-hook.php(341): WooCommerce\Facebook\ProductSets\ProductSetSync->on_create_or_update_product_wc_category_callback()
#3 C:\OSPanel\domains\mysite4\wordpress\wp-includes\class-wp-hook.php(365): WP_Hook->apply_filters()
#4 C:\OSPanel\domains\mysite4\wordpress\wp-includes\plugin.php(522): WP_Hook->do_action()
#5 C:\OSPanel\domains\mysite4\wordpress\wp-includes\taxonomy.php(2697): do_action()
#6 C:\OSPanel\domains\mysite4\wordpress\wp-admin\includes\ajax-actions.php(1103): wp_insert_term()
#7 C:\OSPanel\domains\mysite4\wordpress\wp-includes\class-wp-hook.php(341): wp_ajax_add_tag()
#8 C:\OSPanel\domains\mysite4\wordpress\wp-includes\class-wp-hook.php(365): WP_Hook->apply_filters()
#9 C:\OSPanel\domains\mysite4\wordpress\wp-includes\plugin.php(522): WP_Hook->do_action()
#10 C:\OSPanel\domains\mysite4\wordpress\wp-admin\admin-ajax.php(192): do_action()
#11 {main}
2026-03-12T10:42:27+00:00 ERROR Error persisting Meta logs: Невозможно создать экземпляр API, так как отсутствует токен доступа. : []
2026-03-12T10:46:45+00:00 ERROR Error persisting Meta logs: Невозможно создать экземпляр API, так как отсутствует токен доступа. : []
2026-03-12T10:51:53+00:00 ERROR Error persisting Meta logs: Невозможно создать экземпляр API, так как отсутствует токен доступа. : []
2026-03-12T10:57:08+00:00 ERROR Error persisting Meta logs: Невозможно создать экземпляр API, так как отсутствует токен доступа. : []
2026-03-12T11:01:41+00:00 ERROR Error persisting Meta logs: Невозможно создать экземпляр API, так как отсутствует токен доступа. : []
2026-03-12T11:07:09+00:00 ERROR Error persisting Meta logs: Невозможно создать экземпляр API, так как отсутствует токен доступа. : []
2026-03-12T11:14:12+00:00 WARNING Product feed scheduling failed: Integration not configured. : {"flow_name":"product_feed","flow_step":"schedule_feed_generation"}
2026-03-12T11:14:12+00:00 WARNING Language override feed scheduling failed: Integration not configured. : {"flow_name":"language_override_feed","flow_step":"schedule_feed_generation"}
2026-03-12T11:14:12+00:00 ERROR Error persisting Meta logs: Невозможно создать экземпляр API, так как отсутствует токен доступа. : []
2026-03-12T11:18:14+00:00 ERROR Error persisting Meta logs: Невозможно создать экземпляр API, так как отсутствует токен доступа. : []
2026-03-12T11:24:00+00:00 ERROR Error persisting Meta logs: Невозможно создать экземпляр API, так как отсутствует токен доступа. : []
2026-03-12T11:27:35+00:00 ERROR Error persisting Meta logs: Невозможно создать экземпляр API, так как отсутствует токен доступа. : []
2026-03-12T11:32:07+00:00 ERROR Error persisting Meta logs: Невозможно создать экземпляр API, так как отсутствует токен доступа. : []
2026-03-12T11:38:05+00:00 ERROR Error persisting Meta logs: Невозможно создать экземпляр API, так как отсутствует токен доступа. : []
2026-03-12T11:42:10+00:00 ERROR Error persisting Meta logs: Невозможно создать экземпляр API, так как отсутствует токен доступа. : []
2026-03-12T11:47:14+00:00 ERROR Error persisting Meta logs: Невозможно создать экземпляр API, так как отсутствует токен доступа. : []
2026-03-12T11:52:17+00:00 ERROR Error persisting Meta logs: Невозможно создать экземпляр API, так как отсутствует токен доступа. : []
2026-03-12T11:57:28+00:00 ERROR Error persisting Meta logs: Невозможно создать экземпляр API, так как отсутствует токен доступа. : []
2026-03-12T12:03:31+00:00 ERROR Error persisting Meta logs: Невозможно создать экземпляр API, так как отсутствует токен доступа. : []
2026-03-12T13:01:35+00:00 ERROR Error persisting Meta logs: Невозможно создать экземпляр API, так как отсутствует токен доступа. : []
2026-03-12T13:01:35+00:00 WARNING Product feed scheduling failed: Integration not configured. : {"flow_name":"product_feed","flow_step":"schedule_feed_generation"}
2026-03-12T13:01:35+00:00 WARNING Language override feed scheduling failed: Integration not configured. : {"flow_name":"language_override_feed","flow_step":"schedule_feed_generation"}
2026-03-12T13:01:35+00:00 ERROR Error persisting error logs: Невозможно создать экземпляр API, так как отсутствует токен доступа. : []
2026-03-12T13:01:41+00:00 ERROR Error persisting Meta logs: Невозможно создать экземпляр API, так как отсутствует токен доступа. : []
2026-03-12T13:08:07+00:00 ERROR Error persisting Meta logs: Невозможно создать экземпляр API, так как отсутствует токен доступа. : []
2026-03-12T13:12:42+00:00 ERROR Error persisting Meta logs: Невозможно создать экземпляр API, так как отсутствует токен доступа. : []
2026-03-12T13:17:54+00:00 ERROR Error persisting Meta logs: Невозможно создать экземпляр API, так как отсутствует токен доступа. : []
2026-03-12T13:22:46+00:00 ERROR Error persisting Meta logs: Невозможно создать экземпляр API, так как отсутствует токен доступа. : []
2026-03-12T13:27:09+00:00 ERROR Error persisting Meta logs: Невозможно создать экземпляр API, так как отсутствует токен доступа. : []
2026-03-12T13:32:11+00:00 ERROR Error persisting Meta logs: Невозможно создать экземпляр API, так как отсутствует токен доступа. : []
2026-03-12T13:37:26+00:00 ERROR Error persisting Meta logs: Невозможно создать экземпляр API, так как отсутствует токен доступа. : []
2026-03-12T13:42:10+00:00 ERROR Error persisting Meta logs: Невозможно создать экземпляр API, так как отсутствует токен доступа. : []
2026-03-12T13:47:13+00:00 ERROR Error persisting Meta logs: Невозможно создать экземпляр API, так как отсутствует токен доступа. : []
2026-03-12T13:52:28+00:00 ERROR Error persisting Meta logs: Невозможно создать экземпляр API, так как отсутствует токен доступа. : []
2026-03-12T13:57:21+00:00 ERROR Error persisting Meta logs: Невозможно создать экземпляр API, так как отсутствует токен доступа. : []
2026-03-12T14:02:12+00:00 ERROR Error persisting Meta logs: Невозможно создать экземпляр API, так как отсутствует токен доступа. : []
2026-03-12T14:07:45+00:00 ERROR Error persisting Meta logs: Невозможно создать экземпляр API, так как отсутствует токен доступа. : []
2026-03-12T14:12:53+00:00 WARNING Product feed scheduling failed: Integration not configured. : {"flow_name":"product_feed","flow_step":"schedule_feed_generation"}
2026-03-12T14:12:53+00:00 WARNING Language override feed scheduling failed: Integration not configured. : {"flow_name":"language_override_feed","flow_step":"schedule_feed_generation"}
2026-03-12T14:12:53+00:00 ERROR Error persisting Meta logs: Невозможно создать экземпляр API, так как отсутствует токен доступа. : []
2026-03-12T14:17:53+00:00 ERROR Error persisting Meta logs: Невозможно создать экземпляр API, так как отсутствует токен доступа. : []
2026-03-12T14:23:55+00:00 ERROR Error persisting Meta logs: Невозможно создать экземпляр API, так как отсутствует токен доступа. : []
2026-03-12T14:28:09+00:00 ERROR Error persisting Meta logs: Невозможно создать экземпляр API, так как отсутствует токен доступа. : []
2026-03-12T14:34:12+00:00 ERROR Error persisting Meta logs: Невозможно создать экземпляр API, так как отсутствует токен доступа. : []
2026-03-12T14:38:14+00:00 ERROR Error persisting Meta logs: Невозможно создать экземпляр API, так как отсутствует токен доступа. : []
2026-03-12T14:44:17+00:00 ERROR Error persisting Meta logs: Невозможно создать экземпляр API, так как отсутствует токен доступа. : []
2026-03-12T14:48:19+00:00 ERROR Error persisting Meta logs: Невозможно создать экземпляр API, так как отсутствует токен доступа. : []
2026-03-12T14:54:22+00:00 ERROR Error persisting Meta logs: Невозможно создать экземпляр API, так как отсутствует токен доступа. : []
2026-03-12T14:58:24+00:00 ERROR Error persisting Meta logs: Невозможно создать экземпляр API, так как отсутствует токен доступа. : []
2026-03-12T15:02:32+00:00 ERROR Error persisting Meta logs: Невозможно создать экземпляр API, так как отсутствует токен доступа. : []
2026-03-12T15:08:29+00:00 ERROR Error persisting Meta logs: Невозможно создать экземпляр API, так как отсутствует токен доступа. : []
2026-03-12T15:14:32+00:00 WARNING Product feed scheduling failed: Integration not configured. : {"flow_name":"product_feed","flow_step":"schedule_feed_generation"}
2026-03-12T15:14:32+00:00 WARNING Language override feed scheduling failed: Integration not configured. : {"flow_name":"language_override_feed","flow_step":"schedule_feed_generation"}
2026-03-12T15:14:32+00:00 ERROR Error persisting Meta logs: Невозможно создать экземпляр API, так как отсутствует токен доступа. : []
2026-03-12T15:18:34+00:00 ERROR Error persisting Meta logs: Невозможно создать экземпляр API, так как отсутствует токен доступа. : []
2026-03-12T15:24:37+00:00 ERROR Error persisting Meta logs: Невозможно создать экземпляр API, так как отсутствует токен доступа. : []
2026-03-12T15:28:39+00:00 ERROR Error persisting Meta logs: Невозможно создать экземпляр API, так как отсутствует токен доступа. : []
2026-03-12T15:32:41+00:00 ERROR Error persisting Meta logs: Невозможно создать экземпляр API, так как отсутствует токен доступа. : []
